Performing C SOURCE FILE Test CMAKE_HAVE_LIBC_PTHREAD failed with the following output:
Change Dir: /home/sergey/iz2copy/cmake-build-debug/CMakeFiles/CMakeTmp

Run Build Command(s):/usr/bin/make cmTC_8de24/fast && /usr/bin/make -f CMakeFiles/cmTC_8de24.dir/build.make CMakeFiles/cmTC_8de24.dir/build
make[1]: вход в каталог «/home/sergey/iz2copy/cmake-build-debug/CMakeFiles/CMakeTmp»
Building C object CMakeFiles/cmTC_8de24.dir/src.c.o
/usr/bin/cc   --coverage -DCMAKE_HAVE_LIBC_PTHREAD   -o CMakeFiles/cmTC_8de24.dir/src.c.o   -c /home/sergey/iz2copy/cmake-build-debug/CMakeFiles/CMakeTmp/src.c
Linking C executable cmTC_8de24
/opt/clion-2019.2.4/bin/cmake/linux/bin/cmake -E cmake_link_script CMakeFiles/cmTC_8de24.dir/link.txt --verbose=1
/usr/bin/cc --coverage -DCMAKE_HAVE_LIBC_PTHREAD    CMakeFiles/cmTC_8de24.dir/src.c.o  -o cmTC_8de24 
CMakeFiles/cmTC_8de24.dir/src.c.o: In function `main':
src.c:(.text+0x62): undefined reference to `pthread_create'
src.c:(.text+0x80): undefined reference to `pthread_detach'
src.c:(.text+0xa3): undefined reference to `pthread_join'
src.c:(.text+0xc9): undefined reference to `pthread_atfork'
collect2: error: ld returned 1 exit status
CMakeFiles/cmTC_8de24.dir/build.make:86: recipe for target 'cmTC_8de24' failed
make[1]: *** [cmTC_8de24] Error 1
make[1]: выход из каталога «/home/sergey/iz2copy/cmake-build-debug/CMakeFiles/CMakeTmp»
Makefile:121: recipe for target 'cmTC_8de24/fast' failed
make: *** [cmTC_8de24/fast] Error 2


Source file was:
#include <pthread.h>

void* test_func(void* data)
{
  return data;
}

int main(void)
{
  pthread_t thread;
  pthread_create(&thread, NULL, test_func, NULL);
  pthread_detach(thread);
  pthread_join(thread, NULL);
  pthread_atfork(NULL, NULL, NULL);
  pthread_exit(NULL);

  return 0;
}

Determining if the function pthread_create exists in the pthreads failed with the following output:
Change Dir: /home/sergey/iz2copy/cmake-build-debug/CMakeFiles/CMakeTmp

Run Build Command(s):/usr/bin/make cmTC_7327a/fast && /usr/bin/make -f CMakeFiles/cmTC_7327a.dir/build.make CMakeFiles/cmTC_7327a.dir/build
make[1]: вход в каталог «/home/sergey/iz2copy/cmake-build-debug/CMakeFiles/CMakeTmp»
Building C object CMakeFiles/cmTC_7327a.dir/CheckFunctionExists.c.o
/usr/bin/cc   --coverage -DCHECK_FUNCTION_EXISTS=pthread_create   -o CMakeFiles/cmTC_7327a.dir/CheckFunctionExists.c.o   -c /opt/clion-2019.2.4/bin/cmake/linux/share/cmake-3.15/Modules/CheckFunctionExists.c
Linking C executable cmTC_7327a
/opt/clion-2019.2.4/bin/cmake/linux/bin/cmake -E cmake_link_script CMakeFiles/cmTC_7327a.dir/link.txt --verbose=1
/usr/bin/cc --coverage -DCHECK_FUNCTION_EXISTS=pthread_create    CMakeFiles/cmTC_7327a.dir/CheckFunctionExists.c.o  -o cmTC_7327a -lpthreads 
/usr/bin/ld: cannot find -lpthreads
collect2: error: ld returned 1 exit status
CMakeFiles/cmTC_7327a.dir/build.make:86: recipe for target 'cmTC_7327a' failed
make[1]: *** [cmTC_7327a] Error 1
make[1]: выход из каталога «/home/sergey/iz2copy/cmake-build-debug/CMakeFiles/CMakeTmp»
Makefile:121: recipe for target 'cmTC_7327a/fast' failed
make: *** [cmTC_7327a/fast] Error 2



